[2023-05-15T04:18:41.023+0200] {taskinstance.py:1115} INFO - Dependencies not met for <TaskInstance: etl_news_pipeline.extract_data scheduled__2023-05-12T00:00:00+00:00 [skipped]>, dependency 'Task Instance State' FAILED: Task is in the 'skipped' state.
[2023-05-15T04:18:41.025+0200] {local_task_job_runner.py:161} INFO - Task is not able to be run
[2023-05-15T04:18:48.592+0200] {taskinstance.py:1125} INFO - Dependencies all met for dep_context=non-requeueable deps ti=<TaskInstance: etl_news_pipeline.extract_data scheduled__2023-05-12T00:00:00+00:00 [queued]>
[2023-05-15T04:18:48.600+0200] {taskinstance.py:1125} INFO - Dependencies all met for dep_context=requeueable deps ti=<TaskInstance: etl_news_pipeline.extract_data scheduled__2023-05-12T00:00:00+00:00 [queued]>
[2023-05-15T04:18:48.601+0200] {taskinstance.py:1331} INFO - Starting attempt 3 of 4
[2023-05-15T04:18:48.617+0200] {taskinstance.py:1350} INFO - Executing <Task(BashOperator): extract_data> on 2023-05-12 00:00:00+00:00
[2023-05-15T04:18:48.630+0200] {standard_task_runner.py:57} INFO - Started process 13749 to run task
[2023-05-15T04:18:48.635+0200] {standard_task_runner.py:84} INFO - Running: ['airflow', 'tasks', 'run', 'etl_news_pipeline', 'extract_data', 'scheduled__2023-05-12T00:00:00+00:00', '--job-id', '1592', '--raw', '--subdir', 'DAGS_FOLDER/etl_pipeline.py', '--cfg-path', '/var/folders/qv/qkzfd8cs7hdftb0synd9cw3h0000gn/T/tmpc69tph9f']
[2023-05-15T04:18:48.638+0200] {standard_task_runner.py:85} INFO - Job 1592: Subtask extract_data
[2023-05-15T04:18:48.703+0200] {task_command.py:410} INFO - Running <TaskInstance: etl_news_pipeline.extract_data scheduled__2023-05-12T00:00:00+00:00 [running]> on host niyants-mbp.fritz.box
[2023-05-15T04:18:48.913+0200] {taskinstance.py:1568} INFO - Exporting env vars: AIRFLOW_CTX_DAG_OWNER='airflow' AIRFLOW_CTX_DAG_ID='etl_news_pipeline' AIRFLOW_CTX_TASK_ID='extract_data' AIRFLOW_CTX_EXECUTION_DATE='2023-05-12T00:00:00+00:00' AIRFLOW_CTX_TRY_NUMBER='3' AIRFLOW_CTX_DAG_RUN_ID='scheduled__2023-05-12T00:00:00+00:00'
[2023-05-15T04:18:48.915+0200] {subprocess.py:63} INFO - Tmp dir root location: 
 /var/folders/qv/qkzfd8cs7hdftb0synd9cw3h0000gn/T
[2023-05-15T04:18:48.915+0200] {subprocess.py:75} INFO - Running command: ['/bin/bash', '-c', 'python /Users/niyantmehta/Spiced/ETL_Pipeline/airflow/ETL_dags/extract.py extract_data']
[2023-05-15T04:18:48.929+0200] {subprocess.py:86} INFO - Output:
[2023-05-15T04:20:18.095+0200] {subprocess.py:93} INFO -                  Date  ...                                            Summary
[2023-05-15T04:20:18.097+0200] {subprocess.py:93} INFO - 0 2023-05-15 02:13:09  ...  NAB predicts further RBA cash rate hike by Jul...
[2023-05-15T04:20:18.098+0200] {subprocess.py:93} INFO - 
[2023-05-15T04:20:18.099+0200] {subprocess.py:93} INFO - [1 rows x 5 columns]
[2023-05-15T04:20:18.601+0200] {subprocess.py:97} INFO - Command exited with return code 0
[2023-05-15T04:20:18.639+0200] {taskinstance.py:1368} INFO - Marking task as SUCCESS. dag_id=etl_news_pipeline, task_id=extract_data, execution_date=20230512T000000, start_date=20230515T021848, end_date=20230515T022018
[2023-05-15T04:20:18.664+0200] {local_task_job_runner.py:232} INFO - Task exited with return code 0
[2023-05-15T04:20:18.689+0200] {taskinstance.py:2674} INFO - 1 downstream tasks scheduled from follow-on schedule check
