[2023-05-17T12:34:19.939+0200] {taskinstance.py:1125} INFO - Dependencies all met for dep_context=non-requeueable deps ti=<TaskInstance: etl_news_pipeline.transform_data scheduled__2023-05-16T00:00:00+00:00 [queued]>
[2023-05-17T12:34:19.945+0200] {taskinstance.py:1125} INFO - Dependencies all met for dep_context=requeueable deps ti=<TaskInstance: etl_news_pipeline.transform_data scheduled__2023-05-16T00:00:00+00:00 [queued]>
[2023-05-17T12:34:19.945+0200] {taskinstance.py:1331} INFO - Starting attempt 1 of 2
[2023-05-17T12:34:19.954+0200] {taskinstance.py:1350} INFO - Executing <Task(PythonOperator): transform_data> on 2023-05-16 00:00:00+00:00
[2023-05-17T12:34:19.968+0200] {standard_task_runner.py:57} INFO - Started process 1600 to run task
[2023-05-17T12:34:19.975+0200] {standard_task_runner.py:84} INFO - Running: ['airflow', 'tasks', 'run', 'etl_news_pipeline', 'transform_data', 'scheduled__2023-05-16T00:00:00+00:00', '--job-id', '1788', '--raw', '--subdir', 'DAGS_FOLDER/etl_pipeline.py', '--cfg-path', '/var/folders/qv/qkzfd8cs7hdftb0synd9cw3h0000gn/T/tmpj9gqltjz']
[2023-05-17T12:34:19.977+0200] {standard_task_runner.py:85} INFO - Job 1788: Subtask transform_data
[2023-05-17T12:34:20.035+0200] {task_command.py:410} INFO - Running <TaskInstance: etl_news_pipeline.transform_data scheduled__2023-05-16T00:00:00+00:00 [running]> on host niyants-mbp.fritz.box
[2023-05-17T12:34:20.111+0200] {taskinstance.py:1568} INFO - Exporting env vars: AIRFLOW_CTX_DAG_OWNER='airflow' AIRFLOW_CTX_DAG_ID='etl_news_pipeline' AIRFLOW_CTX_TASK_ID='transform_data' AIRFLOW_CTX_EXECUTION_DATE='2023-05-16T00:00:00+00:00' AIRFLOW_CTX_TRY_NUMBER='1' AIRFLOW_CTX_DAG_RUN_ID='scheduled__2023-05-16T00:00:00+00:00'
[2023-05-17T12:34:20.112+0200] {python.py:183} INFO - Done. Returned value was: None
[2023-05-17T12:34:20.121+0200] {taskinstance.py:1368} INFO - Marking task as SUCCESS. dag_id=etl_news_pipeline, task_id=transform_data, execution_date=20230516T000000, start_date=20230517T103419, end_date=20230517T103420
[2023-05-17T12:34:20.150+0200] {local_task_job_runner.py:232} INFO - Task exited with return code 0
[2023-05-17T12:34:20.175+0200] {taskinstance.py:2674} INFO - 1 downstream tasks scheduled from follow-on schedule check
[2023-05-17T12:48:40.189+0200] {taskinstance.py:1125} INFO - Dependencies all met for dep_context=non-requeueable deps ti=<TaskInstance: etl_news_pipeline.transform_data scheduled__2023-05-16T00:00:00+00:00 [queued]>
[2023-05-17T12:48:40.196+0200] {taskinstance.py:1125} INFO - Dependencies all met for dep_context=requeueable deps ti=<TaskInstance: etl_news_pipeline.transform_data scheduled__2023-05-16T00:00:00+00:00 [queued]>
[2023-05-17T12:48:40.196+0200] {taskinstance.py:1331} INFO - Starting attempt 1 of 2
[2023-05-17T12:48:40.209+0200] {taskinstance.py:1350} INFO - Executing <Task(PythonOperator): transform_data> on 2023-05-16 00:00:00+00:00
[2023-05-17T12:48:40.229+0200] {standard_task_runner.py:57} INFO - Started process 2146 to run task
[2023-05-17T12:48:40.237+0200] {standard_task_runner.py:84} INFO - Running: ['airflow', 'tasks', 'run', 'etl_news_pipeline', 'transform_data', 'scheduled__2023-05-16T00:00:00+00:00', '--job-id', '1796', '--raw', '--subdir', 'DAGS_FOLDER/etl_pipeline.py', '--cfg-path', '/var/folders/qv/qkzfd8cs7hdftb0synd9cw3h0000gn/T/tmp2oczxjvg']
[2023-05-17T12:48:40.240+0200] {standard_task_runner.py:85} INFO - Job 1796: Subtask transform_data
[2023-05-17T12:48:40.300+0200] {task_command.py:410} INFO - Running <TaskInstance: etl_news_pipeline.transform_data scheduled__2023-05-16T00:00:00+00:00 [running]> on host niyants-mbp.fritz.box
[2023-05-17T12:48:40.357+0200] {taskinstance.py:1568} INFO - Exporting env vars: AIRFLOW_CTX_DAG_OWNER='airflow' AIRFLOW_CTX_DAG_ID='etl_news_pipeline' AIRFLOW_CTX_TASK_ID='transform_data' AIRFLOW_CTX_EXECUTION_DATE='2023-05-16T00:00:00+00:00' AIRFLOW_CTX_TRY_NUMBER='1' AIRFLOW_CTX_DAG_RUN_ID='scheduled__2023-05-16T00:00:00+00:00'
[2023-05-17T12:48:40.358+0200] {python.py:183} INFO - Done. Returned value was: None
[2023-05-17T12:48:40.365+0200] {taskinstance.py:1368} INFO - Marking task as SUCCESS. dag_id=etl_news_pipeline, task_id=transform_data, execution_date=20230516T000000, start_date=20230517T104840, end_date=20230517T104840
[2023-05-17T12:48:40.411+0200] {local_task_job_runner.py:232} INFO - Task exited with return code 0
[2023-05-17T12:48:40.438+0200] {taskinstance.py:2674} INFO - 1 downstream tasks scheduled from follow-on schedule check
[2023-05-17T13:42:46.940+0200] {taskinstance.py:1125} INFO - Dependencies all met for dep_context=non-requeueable deps ti=<TaskInstance: etl_news_pipeline.transform_data scheduled__2023-05-16T00:00:00+00:00 [queued]>
[2023-05-17T13:42:46.947+0200] {taskinstance.py:1125} INFO - Dependencies all met for dep_context=requeueable deps ti=<TaskInstance: etl_news_pipeline.transform_data scheduled__2023-05-16T00:00:00+00:00 [queued]>
[2023-05-17T13:42:46.948+0200] {taskinstance.py:1331} INFO - Starting attempt 1 of 2
[2023-05-17T13:42:46.966+0200] {taskinstance.py:1350} INFO - Executing <Task(PythonOperator): transform_data> on 2023-05-16 00:00:00+00:00
[2023-05-17T13:42:46.989+0200] {standard_task_runner.py:57} INFO - Started process 4633 to run task
[2023-05-17T13:42:46.997+0200] {standard_task_runner.py:84} INFO - Running: ['airflow', 'tasks', 'run', 'etl_news_pipeline', 'transform_data', 'scheduled__2023-05-16T00:00:00+00:00', '--job-id', '1890', '--raw', '--subdir', 'DAGS_FOLDER/etl_pipeline.py', '--cfg-path', '/var/folders/qv/qkzfd8cs7hdftb0synd9cw3h0000gn/T/tmpzsxcyh9e']
[2023-05-17T13:42:47.000+0200] {standard_task_runner.py:85} INFO - Job 1890: Subtask transform_data
[2023-05-17T13:42:47.058+0200] {task_command.py:410} INFO - Running <TaskInstance: etl_news_pipeline.transform_data scheduled__2023-05-16T00:00:00+00:00 [running]> on host niyants-mbp.fritz.box
[2023-05-17T13:42:47.150+0200] {taskinstance.py:1568} INFO - Exporting env vars: AIRFLOW_CTX_DAG_OWNER='airflow' AIRFLOW_CTX_DAG_ID='etl_news_pipeline' AIRFLOW_CTX_TASK_ID='transform_data' AIRFLOW_CTX_EXECUTION_DATE='2023-05-16T00:00:00+00:00' AIRFLOW_CTX_TRY_NUMBER='1' AIRFLOW_CTX_DAG_RUN_ID='scheduled__2023-05-16T00:00:00+00:00'
[2023-05-17T13:42:47.151+0200] {python.py:183} INFO - Done. Returned value was: None
[2023-05-17T13:42:47.159+0200] {taskinstance.py:1368} INFO - Marking task as SUCCESS. dag_id=etl_news_pipeline, task_id=transform_data, execution_date=20230516T000000, start_date=20230517T114246, end_date=20230517T114247
[2023-05-17T13:42:47.212+0200] {local_task_job_runner.py:232} INFO - Task exited with return code 0
[2023-05-17T13:42:47.241+0200] {taskinstance.py:2674} INFO - 1 downstream tasks scheduled from follow-on schedule check
[2023-05-17T13:53:53.211+0200] {taskinstance.py:1125} INFO - Dependencies all met for dep_context=non-requeueable deps ti=<TaskInstance: etl_news_pipeline.transform_data scheduled__2023-05-16T00:00:00+00:00 [queued]>
[2023-05-17T13:53:53.218+0200] {taskinstance.py:1125} INFO - Dependencies all met for dep_context=requeueable deps ti=<TaskInstance: etl_news_pipeline.transform_data scheduled__2023-05-16T00:00:00+00:00 [queued]>
[2023-05-17T13:53:53.218+0200] {taskinstance.py:1331} INFO - Starting attempt 1 of 2
[2023-05-17T13:53:53.228+0200] {taskinstance.py:1350} INFO - Executing <Task(PythonOperator): transform_data> on 2023-05-16 00:00:00+00:00
[2023-05-17T13:53:53.248+0200] {standard_task_runner.py:57} INFO - Started process 5967 to run task
[2023-05-17T13:53:53.255+0200] {standard_task_runner.py:84} INFO - Running: ['airflow', 'tasks', 'run', 'etl_news_pipeline', 'transform_data', 'scheduled__2023-05-16T00:00:00+00:00', '--job-id', '1914', '--raw', '--subdir', 'DAGS_FOLDER/etl_pipeline.py', '--cfg-path', '/var/folders/qv/qkzfd8cs7hdftb0synd9cw3h0000gn/T/tmp59ys9l3s']
[2023-05-17T13:53:53.258+0200] {standard_task_runner.py:85} INFO - Job 1914: Subtask transform_data
[2023-05-17T13:53:53.319+0200] {task_command.py:410} INFO - Running <TaskInstance: etl_news_pipeline.transform_data scheduled__2023-05-16T00:00:00+00:00 [running]> on host niyants-mbp.fritz.box
[2023-05-17T13:53:53.370+0200] {taskinstance.py:1568} INFO - Exporting env vars: AIRFLOW_CTX_DAG_OWNER='airflow' AIRFLOW_CTX_DAG_ID='etl_news_pipeline' AIRFLOW_CTX_TASK_ID='transform_data' AIRFLOW_CTX_EXECUTION_DATE='2023-05-16T00:00:00+00:00' AIRFLOW_CTX_TRY_NUMBER='1' AIRFLOW_CTX_DAG_RUN_ID='scheduled__2023-05-16T00:00:00+00:00'
[2023-05-17T13:53:53.370+0200] {python.py:183} INFO - Done. Returned value was: None
[2023-05-17T13:53:53.380+0200] {taskinstance.py:1368} INFO - Marking task as SUCCESS. dag_id=etl_news_pipeline, task_id=transform_data, execution_date=20230516T000000, start_date=20230517T115353, end_date=20230517T115353
[2023-05-17T13:53:53.429+0200] {local_task_job_runner.py:232} INFO - Task exited with return code 0
[2023-05-17T13:53:53.457+0200] {taskinstance.py:2674} INFO - 1 downstream tasks scheduled from follow-on schedule check
[2023-05-17T14:01:13.514+0200] {taskinstance.py:1125} INFO - Dependencies all met for dep_context=non-requeueable deps ti=<TaskInstance: etl_news_pipeline.transform_data scheduled__2023-05-16T00:00:00+00:00 [queued]>
[2023-05-17T14:01:13.520+0200] {taskinstance.py:1125} INFO - Dependencies all met for dep_context=requeueable deps ti=<TaskInstance: etl_news_pipeline.transform_data scheduled__2023-05-16T00:00:00+00:00 [queued]>
[2023-05-17T14:01:13.520+0200] {taskinstance.py:1331} INFO - Starting attempt 1 of 2
[2023-05-17T14:01:13.531+0200] {taskinstance.py:1350} INFO - Executing <Task(PythonOperator): transform_data> on 2023-05-16 00:00:00+00:00
[2023-05-17T14:01:13.550+0200] {standard_task_runner.py:57} INFO - Started process 6850 to run task
[2023-05-17T14:01:13.558+0200] {standard_task_runner.py:84} INFO - Running: ['airflow', 'tasks', 'run', 'etl_news_pipeline', 'transform_data', 'scheduled__2023-05-16T00:00:00+00:00', '--job-id', '1925', '--raw', '--subdir', 'DAGS_FOLDER/etl_pipeline.py', '--cfg-path', '/var/folders/qv/qkzfd8cs7hdftb0synd9cw3h0000gn/T/tmphbt2tfq4']
[2023-05-17T14:01:13.560+0200] {standard_task_runner.py:85} INFO - Job 1925: Subtask transform_data
[2023-05-17T14:01:13.614+0200] {task_command.py:410} INFO - Running <TaskInstance: etl_news_pipeline.transform_data scheduled__2023-05-16T00:00:00+00:00 [running]> on host niyants-mbp.fritz.box
[2023-05-17T14:01:13.662+0200] {taskinstance.py:1568} INFO - Exporting env vars: AIRFLOW_CTX_DAG_OWNER='airflow' AIRFLOW_CTX_DAG_ID='etl_news_pipeline' AIRFLOW_CTX_TASK_ID='transform_data' AIRFLOW_CTX_EXECUTION_DATE='2023-05-16T00:00:00+00:00' AIRFLOW_CTX_TRY_NUMBER='1' AIRFLOW_CTX_DAG_RUN_ID='scheduled__2023-05-16T00:00:00+00:00'
[2023-05-17T14:01:13.663+0200] {python.py:183} INFO - Done. Returned value was: None
[2023-05-17T14:01:13.669+0200] {taskinstance.py:1368} INFO - Marking task as SUCCESS. dag_id=etl_news_pipeline, task_id=transform_data, execution_date=20230516T000000, start_date=20230517T120113, end_date=20230517T120113
[2023-05-17T14:01:13.691+0200] {local_task_job_runner.py:232} INFO - Task exited with return code 0
[2023-05-17T14:01:13.713+0200] {taskinstance.py:2674} INFO - 1 downstream tasks scheduled from follow-on schedule check
